[dotenv@17.3.1] injecting env (2) from .env -- tip: 🛡️ auth for agents: https://vestauth.com
Server running on port 5004
MongoServerError: bad auth : authentication failed
    at Connection.sendCommand (/app/Backend/node_modules/mongodb/lib/cmap/connection.js:320:27)
    at process.processTicksAndRejections (node:internal/process/task_queues:105:5)
    at async Connection.command (/app/Backend/node_modules/mongodb/lib/cmap/connection.js:344:26)
    at async continueScramConversation (/app/Backend/node_modules/mongodb/lib/cmap/auth/scram.js:131:15)
    at async executeScram (/app/Backend/node_modules/mongodb/lib/cmap/auth/scram.js:80:5)
    at async ScramSHA1.auth (/app/Backend/node_modules/mongodb/lib/cmap/auth/scram.js:39:16)
    at async performInitialHandshake (/app/Backend/node_modules/mongodb/lib/cmap/connect.js:104:13)
    at async connect (/app/Backend/node_modules/mongodb/lib/cmap/connect.js:24:9) {
  errorLabelSet: Set(2) { 'HandshakeError', 'ResetPool' },
  errorResponse: {
    ok: 0,
    errmsg: 'bad auth : authentication failed',
    code: 8000,
    codeName: 'AtlasError'
  },
  ok: 0,
  code: 8000,
  codeName: 'AtlasError',
  connectionGeneration: 0
}
